{"C:\\Users\\roman\\OneDrive\\Education\\Olympic_College\\Spring_2026\\CS_233\\Times_Tracker\\Times_Tracker1\\backend\\models.js": {"path":"C:\\Users\\roman\\OneDrive\\Education\\Olympic_College\\Spring_2026\\CS_233\\Times_Tracker\\Times_Tracker1\\backend\\models.js","statementMap":{"0":{"start":{"line":1,"column":12},"end":{"line":1,"column":26}},"1":{"start":{"line":4,"column":23},"end":{"line":7,"column":2}},"2":{"start":{"line":9,"column":20},"end":{"line":12,"column":2}},"3":{"start":{"line":15,"column":22},"end":{"line":17,"column":2}},"4":{"start":{"line":20,"column":24},"end":{"line":26,"column":2}},"5":{"start":{"line":28,"column":0},"end":{"line":33,"column":2}}},"fnMap":{},"branchMap":{},"s":{"0":3,"1":3,"2":3,"3":3,"4":3,"5":3},"f":{},"b":{},"_coverageSchema":"1a1c01bbd47fc00a2c39e90264f33305004495a9","hash":"efc4dacc1c7c0c581976550e591bf45457498d95"}
,"C:\\Users\\roman\\OneDrive\\Education\\Olympic_College\\Spring_2026\\CS_233\\Times_Tracker\\Times_Tracker1\\backend\\server.js": {"path":"C:\\Users\\roman\\OneDrive\\Education\\Olympic_College\\Spring_2026\\CS_233\\Times_Tracker\\Times_Tracker1\\backend\\server.js","statementMap":{"0":{"start":{"line":1,"column":27},"end":{"line":1,"column":50}},"1":{"start":{"line":2,"column":16},"end":{"line":2,"column":34}},"2":{"start":{"line":3,"column":14},"end":{"line":3,"column":31}},"3":{"start":{"line":4,"column":12},"end":{"line":4,"column":35}},"4":{"start":{"line":5,"column":15},"end":{"line":5,"column":34}},"5":{"start":{"line":6,"column":13},"end":{"line":6,"column":28}},"6":{"start":{"line":7,"column":19},"end":{"line":7,"column":39}},"7":{"start":{"line":8,"column":13},"end":{"line":8,"column":28}},"8":{"start":{"line":9,"column":15},"end":{"line":9,"column":32}},"9":{"start":{"line":10,"column":18},"end":{"line":10,"column":47}},"10":{"start":{"line":11,"column":15},"end":{"line":11,"column":32}},"11":{"start":{"line":12,"column":13},"end":{"line":12,"column":28}},"12":{"start":{"line":13,"column":11},"end":{"line":13,"column":24}},"13":{"start":{"line":14,"column":0},"end":{"line":14,"column":27}},"14":{"start":{"line":21,"column":4},"end":{"line":21,"column":23}},"15":{"start":{"line":23,"column":12},"end":{"line":23,"column":21}},"16":{"start":{"line":24,"column":19},"end":{"line":24,"column":41}},"17":{"start":{"line":25,"column":11},"end":{"line":30,"column":2}},"18":{"start":{"line":33,"column":20},"end":{"line":33,"column":29}},"19":{"start":{"line":35,"column":0},"end":{"line":91,"column":3}},"20":{"start":{"line":36,"column":2},"end":{"line":36,"column":46}},"21":{"start":{"line":39,"column":2},"end":{"line":56,"column":5}},"22":{"start":{"line":40,"column":4},"end":{"line":40,"column":29}},"23":{"start":{"line":40,"column":22},"end":{"line":40,"column":29}},"24":{"start":{"line":42,"column":4},"end":{"line":45,"column":7}},"25":{"start":{"line":48,"column":4},"end":{"line":52,"column":7}},"26":{"start":{"line":55,"column":4},"end":{"line":55,"column":65}},"27":{"start":{"line":58,"column":2},"end":{"line":67,"column":5}},"28":{"start":{"line":59,"column":4},"end":{"line":59,"column":51}},"29":{"start":{"line":61,"column":4},"end":{"line":66,"column":7}},"30":{"start":{"line":70,"column":2},"end":{"line":80,"column":5}},"31":{"start":{"line":71,"column":4},"end":{"line":71,"column":29}},"32":{"start":{"line":71,"column":22},"end":{"line":71,"column":29}},"33":{"start":{"line":73,"column":4},"end":{"line":77,"column":5}},"34":{"start":{"line":74,"column":6},"end":{"line":76,"column":7}},"35":{"start":{"line":75,"column":8},"end":{"line":75,"column":37}},"36":{"start":{"line":79,"column":4},"end":{"line":79,"column":65}},"37":{"start":{"line":82,"column":2},"end":{"line":90,"column":5}},"38":{"start":{"line":83,"column":4},"end":{"line":83,"column":59}},"39":{"start":{"line":86,"column":4},"end":{"line":86,"column":34}},"40":{"start":{"line":89,"column":4},"end":{"line":89,"column":65}},"41":{"start":{"line":93,"column":0},"end":{"line":98,"column":2}},"42":{"start":{"line":99,"column":0},"end":{"line":99,"column":16}},"43":{"start":{"line":100,"column":0},"end":{"line":100,"column":24}},"44":{"start":{"line":103,"column":18},"end":{"line":103,"column":49}},"45":{"start":{"line":104,"column":0},"end":{"line":106,"column":1}},"46":{"start":{"line":105,"column":2},"end":{"line":105,"column":26}},"47":{"start":{"line":109,"column":0},"end":{"line":109,"column":47}},"48":{"start":{"line":112,"column":16},"end":{"line":121,"column":2}},"49":{"start":{"line":114,"column":4},"end":{"line":114,"column":24}},"50":{"start":{"line":117,"column":16},"end":{"line":117,"column":61}},"51":{"start":{"line":118,"column":23},"end":{"line":118,"column":79}},"52":{"start":{"line":119,"column":4},"end":{"line":119,"column":25}},"53":{"start":{"line":124,"column":19},"end":{"line":147,"column":1}},"54":{"start":{"line":125,"column":27},"end":{"line":131,"column":3}},"55":{"start":{"line":133,"column":17},"end":{"line":133,"column":57}},"56":{"start":{"line":134,"column":16},"end":{"line":136,"column":3}},"57":{"start":{"line":138,"column":2},"end":{"line":146,"column":3}},"58":{"start":{"line":139,"column":4},"end":{"line":139,"column":19}},"59":{"start":{"line":141,"column":4},"end":{"line":145,"column":6}},"60":{"start":{"line":149,"column":15},"end":{"line":153,"column":2}},"61":{"start":{"line":156,"column":0},"end":{"line":183,"column":3}},"62":{"start":{"line":157,"column":2},"end":{"line":182,"column":5}},"63":{"start":{"line":158,"column":4},"end":{"line":165,"column":5}},"64":{"start":{"line":159,"column":6},"end":{"line":163,"column":7}},"65":{"start":{"line":160,"column":8},"end":{"line":162,"column":64}},"66":{"start":{"line":164,"column":6},"end":{"line":164,"column":58}},"67":{"start":{"line":167,"column":4},"end":{"line":169,"column":5}},"68":{"start":{"line":168,"column":6},"end":{"line":168,"column":58}},"69":{"start":{"line":171,"column":4},"end":{"line":173,"column":5}},"70":{"start":{"line":172,"column":6},"end":{"line":172,"column":66}},"71":{"start":{"line":175,"column":4},"end":{"line":181,"column":7}},"72":{"start":{"line":186,"column":0},"end":{"line":202,"column":3}},"73":{"start":{"line":187,"column":2},"end":{"line":201,"column":5}},"74":{"start":{"line":188,"column":4},"end":{"line":190,"column":5}},"75":{"start":{"line":189,"column":6},"end":{"line":189,"column":78}},"76":{"start":{"line":192,"column":18},"end":{"line":198,"column":9}},"77":{"start":{"line":193,"column":24},"end":{"line":193,"column":67}},"78":{"start":{"line":194,"column":22},"end":{"line":198,"column":7}},"79":{"start":{"line":200,"column":4},"end":{"line":200,"column":20}},"80":{"start":{"line":205,"column":0},"end":{"line":221,"column":3}},"81":{"start":{"line":206,"column":19},"end":{"line":206,"column":60}},"82":{"start":{"line":208,"column":2},"end":{"line":220,"column":5}},"83":{"start":{"line":209,"column":4},"end":{"line":211,"column":5}},"84":{"start":{"line":210,"column":6},"end":{"line":210,"column":63}},"85":{"start":{"line":213,"column":4},"end":{"line":219,"column":7}},"86":{"start":{"line":214,"column":6},"end":{"line":216,"column":7}},"87":{"start":{"line":215,"column":8},"end":{"line":215,"column":72}},"88":{"start":{"line":218,"column":6},"end":{"line":218,"column":57}},"89":{"start":{"line":224,"column":16},"end":{"line":228,"column":2}},"90":{"start":{"line":229,"column":0},"end":{"line":229,"column":17}},"91":{"start":{"line":232,"column":20},"end":{"line":236,"column":2}},"92":{"start":{"line":237,"column":0},"end":{"line":237,"column":34}},"93":{"start":{"line":238,"column":0},"end":{"line":238,"column":31}},"94":{"start":{"line":242,"column":16},"end":{"line":247,"column":2}},"95":{"start":{"line":249,"column":15},"end":{"line":249,"column":64}},"96":{"start":{"line":252,"column":0},"end":{"line":280,"column":1}},"97":{"start":{"line":253,"column":2},"end":{"line":279,"column":5}},"98":{"start":{"line":254,"column":4},"end":{"line":257,"column":5}},"99":{"start":{"line":255,"column":6},"end":{"line":255,"column":50}},"100":{"start":{"line":256,"column":6},"end":{"line":256,"column":22}},"101":{"start":{"line":258,"column":4},"end":{"line":258,"column":43}},"102":{"start":{"line":259,"column":4},"end":{"line":259,"column":18}},"103":{"start":{"line":261,"column":4},"end":{"line":266,"column":7}},"104":{"start":{"line":268,"column":4},"end":{"line":278,"column":7}},"105":{"start":{"line":269,"column":6},"end":{"line":269,"column":25}},"106":{"start":{"line":269,"column":15},"end":{"line":269,"column":25}},"107":{"start":{"line":270,"column":6},"end":{"line":270,"column":37}},"108":{"start":{"line":273,"column":6},"end":{"line":277,"column":7}},"109":{"start":{"line":274,"column":8},"end":{"line":276,"column":10}},"110":{"start":{"line":275,"column":10},"end":{"line":275,"column":52}},"111":{"start":{"line":283,"column":21},"end":{"line":299,"column":1}},"112":{"start":{"line":284,"column":21},"end":{"line":284,"column":48}},"113":{"start":{"line":285,"column":2},"end":{"line":285,"column":75}},"114":{"start":{"line":285,"column":19},"end":{"line":285,"column":75}},"115":{"start":{"line":287,"column":16},"end":{"line":289,"column":16}},"116":{"start":{"line":291,"column":2},"end":{"line":291,"column":70}},"117":{"start":{"line":291,"column":14},"end":{"line":291,"column":70}},"118":{"start":{"line":293,"column":2},"end":{"line":298,"column":3}},"119":{"start":{"line":294,"column":4},"end":{"line":294,"column":57}},"120":{"start":{"line":295,"column":4},"end":{"line":295,"column":11}},"121":{"start":{"line":297,"column":4},"end":{"line":297,"column":53}},"122":{"start":{"line":302,"column":21},"end":{"line":308,"column":1}},"123":{"start":{"line":303,"column":2},"end":{"line":307,"column":3}},"124":{"start":{"line":304,"column":4},"end":{"line":304,"column":11}},"125":{"start":{"line":306,"column":4},"end":{"line":306,"column":73}},"126":{"start":{"line":311,"column":0},"end":{"line":326,"column":3}},"127":{"start":{"line":312,"column":20},"end":{"line":312,"column":53}},"128":{"start":{"line":313,"column":2},"end":{"line":313,"column":78}},"129":{"start":{"line":313,"column":13},"end":{"line":313,"column":78}},"130":{"start":{"line":315,"column":30},"end":{"line":315,"column":38}},"131":{"start":{"line":316,"column":17},"end":{"line":316,"column":48}},"132":{"start":{"line":318,"column":2},"end":{"line":325,"column":4}},"133":{"start":{"line":322,"column":6},"end":{"line":322,"column":77}},"134":{"start":{"line":322,"column":15},"end":{"line":322,"column":77}},"135":{"start":{"line":323,"column":6},"end":{"line":323,"column":60}},"136":{"start":{"line":329,"column":0},"end":{"line":372,"column":3}},"137":{"start":{"line":330,"column":20},"end":{"line":330,"column":50}},"138":{"start":{"line":331,"column":2},"end":{"line":331,"column":78}},"139":{"start":{"line":331,"column":13},"end":{"line":331,"column":78}},"140":{"start":{"line":333,"column":30},"end":{"line":333,"column":38}},"141":{"start":{"line":334,"column":2},"end":{"line":334,"column":51}},"142":{"start":{"line":336,"column":2},"end":{"line":371,"column":4}},"143":{"start":{"line":340,"column":6},"end":{"line":343,"column":7}},"144":{"start":{"line":341,"column":8},"end":{"line":341,"column":59}},"145":{"start":{"line":342,"column":8},"end":{"line":342,"column":72}},"146":{"start":{"line":345,"column":6},"end":{"line":348,"column":7}},"147":{"start":{"line":346,"column":8},"end":{"line":346,"column":62}},"148":{"start":{"line":347,"column":8},"end":{"line":347,"column":70}},"149":{"start":{"line":350,"column":20},"end":{"line":350,"column":71}},"150":{"start":{"line":351,"column":6},"end":{"line":354,"column":7}},"151":{"start":{"line":352,"column":8},"end":{"line":352,"column":67}},"152":{"start":{"line":353,"column":8},"end":{"line":353,"column":70}},"153":{"start":{"line":356,"column":20},"end":{"line":360,"column":7}},"154":{"start":{"line":362,"column":24},"end":{"line":362,"column":49}},"155":{"start":{"line":364,"column":6},"end":{"line":364,"column":51}},"156":{"start":{"line":365,"column":6},"end":{"line":369,"column":9}},"157":{"start":{"line":375,"column":0},"end":{"line":380,"column":3}},"158":{"start":{"line":376,"column":2},"end":{"line":379,"column":5}},"159":{"start":{"line":377,"column":4},"end":{"line":377,"column":70}},"160":{"start":{"line":377,"column":13},"end":{"line":377,"column":70}},"161":{"start":{"line":378,"column":4},"end":{"line":378,"column":22}},"162":{"start":{"line":383,"column":0},"end":{"line":396,"column":3}},"163":{"start":{"line":384,"column":20},"end":{"line":384,"column":52}},"164":{"start":{"line":385,"column":2},"end":{"line":385,"column":78}},"165":{"start":{"line":385,"column":13},"end":{"line":385,"column":78}},"166":{"start":{"line":387,"column":19},"end":{"line":387,"column":27}},"167":{"start":{"line":388,"column":2},"end":{"line":395,"column":4}},"168":{"start":{"line":392,"column":6},"end":{"line":392,"column":79}},"169":{"start":{"line":392,"column":15},"end":{"line":392,"column":79}},"170":{"start":{"line":393,"column":6},"end":{"line":393,"column":45}},"171":{"start":{"line":398,"column":0},"end":{"line":409,"column":3}},"172":{"start":{"line":399,"column":2},"end":{"line":408,"column":4}},"173":{"start":{"line":403,"column":6},"end":{"line":405,"column":7}},"174":{"start":{"line":404,"column":8},"end":{"line":404,"column":75}},"175":{"start":{"line":406,"column":6},"end":{"line":406,"column":24}},"176":{"start":{"line":411,"column":0},"end":{"line":425,"column":3}},"177":{"start":{"line":412,"column":20},"end":{"line":412,"column":52}},"178":{"start":{"line":413,"column":2},"end":{"line":413,"column":78}},"179":{"start":{"line":413,"column":13},"end":{"line":413,"column":78}},"180":{"start":{"line":415,"column":19},"end":{"line":415,"column":27}},"181":{"start":{"line":416,"column":2},"end":{"line":424,"column":4}},"182":{"start":{"line":420,"column":6},"end":{"line":421,"column":75}},"183":{"start":{"line":421,"column":8},"end":{"line":421,"column":75}},"184":{"start":{"line":422,"column":6},"end":{"line":422,"column":47}},"185":{"start":{"line":428,"column":0},"end":{"line":430,"column":3}},"186":{"start":{"line":429,"column":2},"end":{"line":429,"column":41}},"187":{"start":{"line":432,"column":0},"end":{"line":454,"column":3}},"188":{"start":{"line":433,"column":2},"end":{"line":453,"column":4}},"189":{"start":{"line":437,"column":6},"end":{"line":441,"column":7}},"190":{"start":{"line":438,"column":8},"end":{"line":440,"column":71}},"191":{"start":{"line":443,"column":6},"end":{"line":451,"column":8}},"192":{"start":{"line":447,"column":10},"end":{"line":448,"column":79}},"193":{"start":{"line":448,"column":12},"end":{"line":448,"column":79}},"194":{"start":{"line":449,"column":10},"end":{"line":449,"column":51}},"195":{"start":{"line":457,"column":0},"end":{"line":494,"column":3}},"196":{"start":{"line":458,"column":20},"end":{"line":458,"column":54}},"197":{"start":{"line":459,"column":2},"end":{"line":459,"column":78}},"198":{"start":{"line":459,"column":13},"end":{"line":459,"column":78}},"199":{"start":{"line":461,"column":64},"end":{"line":461,"column":72}},"200":{"start":{"line":463,"column":25},"end":{"line":467,"column":3}},"201":{"start":{"line":464,"column":14},"end":{"line":464,"column":29}},"202":{"start":{"line":465,"column":4},"end":{"line":465,"column":47}},"203":{"start":{"line":465,"column":35},"end":{"line":465,"column":47}},"204":{"start":{"line":466,"column":4},"end":{"line":466,"column":58}},"205":{"start":{"line":469,"column":21},"end":{"line":469,"column":47}},"206":{"start":{"line":470,"column":19},"end":{"line":470,"column":43}},"207":{"start":{"line":472,"column":2},"end":{"line":474,"column":3}},"208":{"start":{"line":473,"column":4},"end":{"line":473,"column":72}},"209":{"start":{"line":476,"column":2},"end":{"line":493,"column":4}},"210":{"start":{"line":488,"column":6},"end":{"line":490,"column":7}},"211":{"start":{"line":489,"column":8},"end":{"line":489,"column":69}},"212":{"start":{"line":491,"column":6},"end":{"line":491,"column":43}},"213":{"start":{"line":496,"column":0},"end":{"line":516,"column":3}},"214":{"start":{"line":497,"column":31},"end":{"line":497,"column":40}},"215":{"start":{"line":499,"column":4},"end":{"line":499,"column":123}},"216":{"start":{"line":500,"column":17},"end":{"line":500,"column":30}},"217":{"start":{"line":502,"column":2},"end":{"line":505,"column":3}},"218":{"start":{"line":503,"column":4},"end":{"line":503,"column":38}},"219":{"start":{"line":504,"column":4},"end":{"line":504,"column":28}},"220":{"start":{"line":506,"column":2},"end":{"line":509,"column":3}},"221":{"start":{"line":507,"column":4},"end":{"line":507,"column":44}},"222":{"start":{"line":508,"column":4},"end":{"line":508,"column":22}},"223":{"start":{"line":511,"column":2},"end":{"line":515,"column":5}},"224":{"start":{"line":512,"column":4},"end":{"line":513,"column":77}},"225":{"start":{"line":513,"column":6},"end":{"line":513,"column":77}},"226":{"start":{"line":514,"column":4},"end":{"line":514,"column":22}},"227":{"start":{"line":519,"column":0},"end":{"line":519,"column":21}}},"fnMap":{"0":{"name":"(anonymous_0)","decl":{"start":{"line":35,"column":20},"end":{"line":35,"column":21}},"loc":{"start":{"line":35,"column":32},"end":{"line":91,"column":1}},"line":35},"1":{"name":"(anonymous_1)","decl":{"start":{"line":39,"column":25},"end":{"line":39,"column":26}},"loc":{"start":{"line":39,"column":35},"end":{"line":56,"column":3}},"line":39},"2":{"name":"(anonymous_2)","decl":{"start":{"line":58,"column":28},"end":{"line":58,"column":29}},"loc":{"start":{"line":58,"column":41},"end":{"line":67,"column":3}},"line":58},"3":{"name":"(anonymous_3)","decl":{"start":{"line":70,"column":26},"end":{"line":70,"column":27}},"loc":{"start":{"line":70,"column":36},"end":{"line":80,"column":3}},"line":70},"4":{"name":"(anonymous_4)","decl":{"start":{"line":82,"column":26},"end":{"line":82,"column":27}},"loc":{"start":{"line":82,"column":38},"end":{"line":90,"column":3}},"line":82},"5":{"name":"(anonymous_5)","decl":{"start":{"line":113,"column":15},"end":{"line":113,"column":16}},"loc":{"start":{"line":113,"column":40},"end":{"line":115,"column":3}},"line":113},"6":{"name":"(anonymous_6)","decl":{"start":{"line":116,"column":12},"end":{"line":116,"column":13}},"loc":{"start":{"line":116,"column":37},"end":{"line":120,"column":3}},"line":116},"7":{"name":"(anonymous_7)","decl":{"start":{"line":124,"column":19},"end":{"line":124,"column":20}},"loc":{"start":{"line":124,"column":38},"end":{"line":147,"column":1}},"line":124},"8":{"name":"(anonymous_8)","decl":{"start":{"line":156,"column":20},"end":{"line":156,"column":21}},"loc":{"start":{"line":156,"column":34},"end":{"line":183,"column":1}},"line":156},"9":{"name":"(anonymous_9)","decl":{"start":{"line":157,"column":35},"end":{"line":157,"column":36}},"loc":{"start":{"line":157,"column":44},"end":{"line":182,"column":3}},"line":157},"10":{"name":"(anonymous_10)","decl":{"start":{"line":186,"column":25},"end":{"line":186,"column":26}},"loc":{"start":{"line":186,"column":39},"end":{"line":202,"column":1}},"line":186},"11":{"name":"(anonymous_11)","decl":{"start":{"line":187,"column":24},"end":{"line":187,"column":25}},"loc":{"start":{"line":187,"column":40},"end":{"line":201,"column":3}},"line":187},"12":{"name":"(anonymous_12)","decl":{"start":{"line":193,"column":14},"end":{"line":193,"column":15}},"loc":{"start":{"line":193,"column":24},"end":{"line":193,"column":67}},"line":193},"13":{"name":"(anonymous_13)","decl":{"start":{"line":194,"column":11},"end":{"line":194,"column":12}},"loc":{"start":{"line":194,"column":22},"end":{"line":198,"column":7}},"line":194},"14":{"name":"(anonymous_14)","decl":{"start":{"line":205,"column":33},"end":{"line":205,"column":34}},"loc":{"start":{"line":205,"column":47},"end":{"line":221,"column":1}},"line":205},"15":{"name":"(anonymous_15)","decl":{"start":{"line":208,"column":41},"end":{"line":208,"column":42}},"loc":{"start":{"line":208,"column":50},"end":{"line":220,"column":3}},"line":208},"16":{"name":"(anonymous_16)","decl":{"start":{"line":213,"column":24},"end":{"line":213,"column":25}},"loc":{"start":{"line":213,"column":39},"end":{"line":219,"column":5}},"line":213},"17":{"name":"(anonymous_17)","decl":{"start":{"line":253,"column":24},"end":{"line":253,"column":25}},"loc":{"start":{"line":253,"column":33},"end":{"line":279,"column":3}},"line":253},"18":{"name":"(anonymous_18)","decl":{"start":{"line":268,"column":15},"end":{"line":268,"column":16}},"loc":{"start":{"line":268,"column":24},"end":{"line":278,"column":5}},"line":268},"19":{"name":"(anonymous_19)","decl":{"start":{"line":274,"column":32},"end":{"line":274,"column":33}},"loc":{"start":{"line":275,"column":10},"end":{"line":275,"column":52}},"line":275},"20":{"name":"(anonymous_20)","decl":{"start":{"line":283,"column":21},"end":{"line":283,"column":22}},"loc":{"start":{"line":283,"column":41},"end":{"line":299,"column":1}},"line":283},"21":{"name":"(anonymous_21)","decl":{"start":{"line":302,"column":21},"end":{"line":302,"column":22}},"loc":{"start":{"line":302,"column":41},"end":{"line":308,"column":1}},"line":302},"22":{"name":"(anonymous_22)","decl":{"start":{"line":311,"column":22},"end":{"line":311,"column":23}},"loc":{"start":{"line":311,"column":42},"end":{"line":326,"column":1}},"line":311},"23":{"name":"(anonymous_23)","decl":{"start":{"line":321,"column":4},"end":{"line":321,"column":5}},"loc":{"start":{"line":321,"column":13},"end":{"line":324,"column":5}},"line":321},"24":{"name":"(anonymous_24)","decl":{"start":{"line":329,"column":19},"end":{"line":329,"column":20}},"loc":{"start":{"line":329,"column":33},"end":{"line":372,"column":1}},"line":329},"25":{"name":"(anonymous_25)","decl":{"start":{"line":339,"column":4},"end":{"line":339,"column":5}},"loc":{"start":{"line":339,"column":28},"end":{"line":370,"column":5}},"line":339},"26":{"name":"(anonymous_26)","decl":{"start":{"line":375,"column":52},"end":{"line":375,"column":53}},"loc":{"start":{"line":375,"column":66},"end":{"line":380,"column":1}},"line":375},"27":{"name":"(anonymous_27)","decl":{"start":{"line":376,"column":48},"end":{"line":376,"column":49}},"loc":{"start":{"line":376,"column":66},"end":{"line":379,"column":3}},"line":376},"28":{"name":"(anonymous_28)","decl":{"start":{"line":383,"column":36},"end":{"line":383,"column":37}},"loc":{"start":{"line":383,"column":50},"end":{"line":396,"column":1}},"line":383},"29":{"name":"(anonymous_29)","decl":{"start":{"line":391,"column":4},"end":{"line":391,"column":5}},"loc":{"start":{"line":391,"column":13},"end":{"line":394,"column":5}},"line":391},"30":{"name":"(anonymous_30)","decl":{"start":{"line":398,"column":35},"end":{"line":398,"column":36}},"loc":{"start":{"line":398,"column":49},"end":{"line":409,"column":1}},"line":398},"31":{"name":"(anonymous_31)","decl":{"start":{"line":402,"column":4},"end":{"line":402,"column":5}},"loc":{"start":{"line":402,"column":22},"end":{"line":407,"column":5}},"line":402},"32":{"name":"(anonymous_32)","decl":{"start":{"line":411,"column":39},"end":{"line":411,"column":40}},"loc":{"start":{"line":411,"column":53},"end":{"line":425,"column":1}},"line":411},"33":{"name":"(anonymous_33)","decl":{"start":{"line":419,"column":4},"end":{"line":419,"column":5}},"loc":{"start":{"line":419,"column":13},"end":{"line":423,"column":5}},"line":419},"34":{"name":"(anonymous_34)","decl":{"start":{"line":428,"column":19},"end":{"line":428,"column":20}},"loc":{"start":{"line":428,"column":33},"end":{"line":430,"column":1}},"line":428},"35":{"name":"(anonymous_35)","decl":{"start":{"line":432,"column":42},"end":{"line":432,"column":43}},"loc":{"start":{"line":432,"column":56},"end":{"line":454,"column":1}},"line":432},"36":{"name":"(anonymous_36)","decl":{"start":{"line":436,"column":4},"end":{"line":436,"column":5}},"loc":{"start":{"line":436,"column":13},"end":{"line":452,"column":5}},"line":436},"37":{"name":"(anonymous_37)","decl":{"start":{"line":446,"column":8},"end":{"line":446,"column":9}},"loc":{"start":{"line":446,"column":17},"end":{"line":450,"column":9}},"line":446},"38":{"name":"(anonymous_38)","decl":{"start":{"line":457,"column":32},"end":{"line":457,"column":33}},"loc":{"start":{"line":457,"column":46},"end":{"line":494,"column":1}},"line":457},"39":{"name":"(anonymous_39)","decl":{"start":{"line":463,"column":25},"end":{"line":463,"column":26}},"loc":{"start":{"line":463,"column":36},"end":{"line":467,"column":3}},"line":463},"40":{"name":"(anonymous_40)","decl":{"start":{"line":487,"column":4},"end":{"line":487,"column":5}},"loc":{"start":{"line":487,"column":21},"end":{"line":492,"column":5}},"line":487},"41":{"name":"(anonymous_41)","decl":{"start":{"line":496,"column":31},"end":{"line":496,"column":32}},"loc":{"start":{"line":496,"column":45},"end":{"line":516,"column":1}},"line":496},"42":{"name":"(anonymous_42)","decl":{"start":{"line":511,"column":26},"end":{"line":511,"column":27}},"loc":{"start":{"line":511,"column":44},"end":{"line":515,"column":3}},"line":511}},"branchMap":{"0":{"loc":{"start":{"line":40,"column":4},"end":{"line":40,"column":29}},"type":"if","locations":[{"start":{"line":40,"column":4},"end":{"line":40,"column":29}},{"start":{},"end":{}}],"line":40},"1":{"loc":{"start":{"line":44,"column":12},"end":{"line":44,"column":31}},"type":"binary-expr","locations":[{"start":{"line":44,"column":12},"end":{"line":44,"column":21}},{"start":{"line":44,"column":25},"end":{"line":44,"column":31}}],"line":44},"2":{"loc":{"start":{"line":71,"column":4},"end":{"line":71,"column":29}},"type":"if","locations":[{"start":{"line":71,"column":4},"end":{"line":71,"column":29}},{"start":{},"end":{}}],"line":71},"3":{"loc":{"start":{"line":74,"column":6},"end":{"line":76,"column":7}},"type":"if","locations":[{"start":{"line":74,"column":6},"end":{"line":76,"column":7}},{"start":{},"end":{}}],"line":74},"4":{"loc":{"start":{"line":104,"column":0},"end":{"line":106,"column":1}},"type":"if","locations":[{"start":{"line":104,"column":0},"end":{"line":106,"column":1}},{"start":{},"end":{}}],"line":104},"5":{"loc":{"start":{"line":138,"column":2},"end":{"line":146,"column":3}},"type":"if","locations":[{"start":{"line":138,"column":2},"end":{"line":146,"column":3}},{"start":{"line":140,"column":9},"end":{"line":146,"column":3}}],"line":138},"6":{"loc":{"start":{"line":138,"column":6},"end":{"line":138,"column":21}},"type":"binary-expr","locations":[{"start":{"line":138,"column":6},"end":{"line":138,"column":12}},{"start":{"line":138,"column":16},"end":{"line":138,"column":21}}],"line":138},"7":{"loc":{"start":{"line":158,"column":4},"end":{"line":165,"column":5}},"type":"if","locations":[{"start":{"line":158,"column":4},"end":{"line":165,"column":5}},{"start":{},"end":{}}],"line":158},"8":{"loc":{"start":{"line":159,"column":6},"end":{"line":163,"column":7}},"type":"if","locations":[{"start":{"line":159,"column":6},"end":{"line":163,"column":7}},{"start":{},"end":{}}],"line":159},"9":{"loc":{"start":{"line":167,"column":4},"end":{"line":169,"column":5}},"type":"if","locations":[{"start":{"line":167,"column":4},"end":{"line":169,"column":5}},{"start":{},"end":{}}],"line":167},"10":{"loc":{"start":{"line":171,"column":4},"end":{"line":173,"column":5}},"type":"if","locations":[{"start":{"line":171,"column":4},"end":{"line":173,"column":5}},{"start":{},"end":{}}],"line":171},"11":{"loc":{"start":{"line":188,"column":4},"end":{"line":190,"column":5}},"type":"if","locations":[{"start":{"line":188,"column":4},"end":{"line":190,"column":5}},{"start":{},"end":{}}],"line":188},"12":{"loc":{"start":{"line":209,"column":4},"end":{"line":211,"column":5}},"type":"if","locations":[{"start":{"line":209,"column":4},"end":{"line":211,"column":5}},{"start":{},"end":{}}],"line":209},"13":{"loc":{"start":{"line":214,"column":6},"end":{"line":216,"column":7}},"type":"if","locations":[{"start":{"line":214,"column":6},"end":{"line":216,"column":7}},{"start":{},"end":{}}],"line":214},"14":{"loc":{"start":{"line":252,"column":0},"end":{"line":280,"column":1}},"type":"if","locations":[{"start":{"line":252,"column":0},"end":{"line":280,"column":1}},{"start":{},"end":{}}],"line":252},"15":{"loc":{"start":{"line":254,"column":4},"end":{"line":257,"column":5}},"type":"if","locations":[{"start":{"line":254,"column":4},"end":{"line":257,"column":5}},{"start":{},"end":{}}],"line":254},"16":{"loc":{"start":{"line":269,"column":6},"end":{"line":269,"column":25}},"type":"if","locations":[{"start":{"line":269,"column":6},"end":{"line":269,"column":25}},{"start":{},"end":{}}],"line":269},"17":{"loc":{"start":{"line":273,"column":6},"end":{"line":277,"column":7}},"type":"if","locations":[{"start":{"line":273,"column":6},"end":{"line":277,"column":7}},{"start":{},"end":{}}],"line":273},"18":{"loc":{"start":{"line":285,"column":2},"end":{"line":285,"column":75}},"type":"if","locations":[{"start":{"line":285,"column":2},"end":{"line":285,"column":75}},{"start":{},"end":{}}],"line":285},"19":{"loc":{"start":{"line":287,"column":16},"end":{"line":289,"column":16}},"type":"cond-expr","locations":[{"start":{"line":288,"column":6},"end":{"line":288,"column":32}},{"start":{"line":289,"column":6},"end":{"line":289,"column":16}}],"line":287},"20":{"loc":{"start":{"line":291,"column":2},"end":{"line":291,"column":70}},"type":"if","locations":[{"start":{"line":291,"column":2},"end":{"line":291,"column":70}},{"start":{},"end":{}}],"line":291},"21":{"loc":{"start":{"line":303,"column":2},"end":{"line":307,"column":3}},"type":"if","locations":[{"start":{"line":303,"column":2},"end":{"line":307,"column":3}},{"start":{"line":305,"column":9},"end":{"line":307,"column":3}}],"line":303},"22":{"loc":{"start":{"line":303,"column":6},"end":{"line":303,"column":43}},"type":"binary-expr","locations":[{"start":{"line":303,"column":6},"end":{"line":303,"column":14}},{"start":{"line":303,"column":18},"end":{"line":303,"column":43}}],"line":303},"23":{"loc":{"start":{"line":313,"column":2},"end":{"line":313,"column":78}},"type":"if","locations":[{"start":{"line":313,"column":2},"end":{"line":313,"column":78}},{"start":{},"end":{}}],"line":313},"24":{"loc":{"start":{"line":322,"column":6},"end":{"line":322,"column":77}},"type":"if","locations":[{"start":{"line":322,"column":6},"end":{"line":322,"column":77}},{"start":{},"end":{}}],"line":322},"25":{"loc":{"start":{"line":331,"column":2},"end":{"line":331,"column":78}},"type":"if","locations":[{"start":{"line":331,"column":2},"end":{"line":331,"column":78}},{"start":{},"end":{}}],"line":331},"26":{"loc":{"start":{"line":340,"column":6},"end":{"line":343,"column":7}},"type":"if","locations":[{"start":{"line":340,"column":6},"end":{"line":343,"column":7}},{"start":{},"end":{}}],"line":340},"27":{"loc":{"start":{"line":345,"column":6},"end":{"line":348,"column":7}},"type":"if","locations":[{"start":{"line":345,"column":6},"end":{"line":348,"column":7}},{"start":{},"end":{}}],"line":345},"28":{"loc":{"start":{"line":351,"column":6},"end":{"line":354,"column":7}},"type":"if","locations":[{"start":{"line":351,"column":6},"end":{"line":354,"column":7}},{"start":{},"end":{}}],"line":351},"29":{"loc":{"start":{"line":362,"column":24},"end":{"line":362,"column":49}},"type":"binary-expr","locations":[{"start":{"line":362,"column":24},"end":{"line":362,"column":40}},{"start":{"line":362,"column":44},"end":{"line":362,"column":49}}],"line":362},"30":{"loc":{"start":{"line":377,"column":4},"end":{"line":377,"column":70}},"type":"if","locations":[{"start":{"line":377,"column":4},"end":{"line":377,"column":70}},{"start":{},"end":{}}],"line":377},"31":{"loc":{"start":{"line":385,"column":2},"end":{"line":385,"column":78}},"type":"if","locations":[{"start":{"line":385,"column":2},"end":{"line":385,"column":78}},{"start":{},"end":{}}],"line":385},"32":{"loc":{"start":{"line":392,"column":6},"end":{"line":392,"column":79}},"type":"if","locations":[{"start":{"line":392,"column":6},"end":{"line":392,"column":79}},{"start":{},"end":{}}],"line":392},"33":{"loc":{"start":{"line":403,"column":6},"end":{"line":405,"column":7}},"type":"if","locations":[{"start":{"line":403,"column":6},"end":{"line":405,"column":7}},{"start":{},"end":{}}],"line":403},"34":{"loc":{"start":{"line":413,"column":2},"end":{"line":413,"column":78}},"type":"if","locations":[{"start":{"line":413,"column":2},"end":{"line":413,"column":78}},{"start":{},"end":{}}],"line":413},"35":{"loc":{"start":{"line":420,"column":6},"end":{"line":421,"column":75}},"type":"if","locations":[{"start":{"line":420,"column":6},"end":{"line":421,"column":75}},{"start":{},"end":{}}],"line":420},"36":{"loc":{"start":{"line":437,"column":6},"end":{"line":441,"column":7}},"type":"if","locations":[{"start":{"line":437,"column":6},"end":{"line":441,"column":7}},{"start":{},"end":{}}],"line":437},"37":{"loc":{"start":{"line":447,"column":10},"end":{"line":448,"column":79}},"type":"if","locations":[{"start":{"line":447,"column":10},"end":{"line":448,"column":79}},{"start":{},"end":{}}],"line":447},"38":{"loc":{"start":{"line":459,"column":2},"end":{"line":459,"column":78}},"type":"if","locations":[{"start":{"line":459,"column":2},"end":{"line":459,"column":78}},{"start":{},"end":{}}],"line":459},"39":{"loc":{"start":{"line":465,"column":4},"end":{"line":465,"column":47}},"type":"if","locations":[{"start":{"line":465,"column":4},"end":{"line":465,"column":47}},{"start":{},"end":{}}],"line":465},"40":{"loc":{"start":{"line":472,"column":2},"end":{"line":474,"column":3}},"type":"if","locations":[{"start":{"line":472,"column":2},"end":{"line":474,"column":3}},{"start":{},"end":{}}],"line":472},"41":{"loc":{"start":{"line":472,"column":6},"end":{"line":472,"column":30}},"type":"binary-expr","locations":[{"start":{"line":472,"column":6},"end":{"line":472,"column":17}},{"start":{"line":472,"column":21},"end":{"line":472,"column":30}}],"line":472},"42":{"loc":{"start":{"line":485,"column":6},"end":{"line":485,"column":19}},"type":"binary-expr","locations":[{"start":{"line":485,"column":6},"end":{"line":485,"column":11}},{"start":{"line":485,"column":15},"end":{"line":485,"column":19}}],"line":485},"43":{"loc":{"start":{"line":488,"column":6},"end":{"line":490,"column":7}},"type":"if","locations":[{"start":{"line":488,"column":6},"end":{"line":490,"column":7}},{"start":{},"end":{}}],"line":488},"44":{"loc":{"start":{"line":502,"column":2},"end":{"line":505,"column":3}},"type":"if","locations":[{"start":{"line":502,"column":2},"end":{"line":505,"column":3}},{"start":{},"end":{}}],"line":502},"45":{"loc":{"start":{"line":506,"column":2},"end":{"line":509,"column":3}},"type":"if","locations":[{"start":{"line":506,"column":2},"end":{"line":509,"column":3}},{"start":{},"end":{}}],"line":506},"46":{"loc":{"start":{"line":512,"column":4},"end":{"line":513,"column":77}},"type":"if","locations":[{"start":{"line":512,"column":4},"end":{"line":513,"column":77}},{"start":{},"end":{}}],"line":512}},"s":{"0":2,"1":2,"2":2,"3":2,"4":2,"5":2,"6":2,"7":2,"8":2,"9":2,"10":2,"11":2,"12":2,"13":2,"14":2,"15":2,"16":2,"17":2,"18":2,"19":2,"20":0,"21":0,"22":0,"23":0,"24":0,"25":0,"26":0,"27":0,"28":0,"29":0,"30":0,"31":0,"32":0,"33":0,"34":0,"35":0,"36":0,"37":0,"38":0,"39":0,"40":0,"41":2,"42":2,"43":2,"44":2,"45":2,"46":0,"47":2,"48":2,"49":0,"50":0,"51":0,"52":0,"53":2,"54":0,"55":0,"56":0,"57":0,"58":0,"59":0,"60":2,"61":2,"62":0,"63":0,"64":0,"65":0,"66":0,"67":0,"68":0,"69":0,"70":0,"71":0,"72":2,"73":0,"74":0,"75":0,"76":0,"77":0,"78":0,"79":0,"80":2,"81":0,"82":0,"83":0,"84":0,"85":0,"86":0,"87":0,"88":0,"89":2,"90":2,"91":2,"92":2,"93":2,"94":2,"95":2,"96":2,"97":0,"98":0,"99":0,"100":0,"101":0,"102":0,"103":0,"104":0,"105":0,"106":0,"107":0,"108":0,"109":0,"110":0,"111":2,"112":2,"113":2,"114":2,"115":0,"116":0,"117":0,"118":0,"119":0,"120":0,"121":0,"122":2,"123":0,"124":0,"125":0,"126":2,"127":0,"128":0,"129":0,"130":0,"131":0,"132":0,"133":0,"134":0,"135":0,"136":2,"137":3,"138":3,"139":3,"140":0,"141":0,"142":0,"143":0,"144":0,"145":0,"146":0,"147":0,"148":0,"149":0,"150":0,"151":0,"152":0,"153":0,"154":0,"155":0,"156":0,"157":2,"158":0,"159":0,"160":0,"161":0,"162":2,"163":0,"164":0,"165":0,"166":0,"167":0,"168":0,"169":0,"170":0,"171":2,"172":0,"173":0,"174":0,"175":0,"176":2,"177":0,"178":0,"179":0,"180":0,"181":0,"182":0,"183":0,"184":0,"185":2,"186":1,"187":2,"188":0,"189":0,"190":0,"191":0,"192":0,"193":0,"194":0,"195":2,"196":0,"197":0,"198":0,"199":0,"200":0,"201":0,"202":0,"203":0,"204":0,"205":0,"206":0,"207":0,"208":0,"209":0,"210":0,"211":0,"212":0,"213":2,"214":0,"215":0,"216":0,"217":0,"218":0,"219":0,"220":0,"221":0,"222":0,"223":0,"224":0,"225":0,"226":0,"227":2},"f":{"0":0,"1":0,"2":0,"3":0,"4":0,"5":0,"6":0,"7":0,"8":0,"9":0,"10":0,"11":0,"12":0,"13":0,"14":0,"15":0,"16":0,"17":0,"18":0,"19":0,"20":2,"21":0,"22":0,"23":0,"24":3,"25":0,"26":0,"27":0,"28":0,"29":0,"30":0,"31":0,"32":0,"33":0,"34":1,"35":0,"36":0,"37":0,"38":0,"39":0,"40":0,"41":0,"42":0},"b":{"0":[0,0],"1":[0,0],"2":[0,0],"3":[0,0],"4":[0,2],"5":[0,0],"6":[0,0],"7":[0,0],"8":[0,0],"9":[0,0],"10":[0,0],"11":[0,0],"12":[0,0],"13":[0,0],"14":[0,2],"15":[0,0],"16":[0,0],"17":[0,0],"18":[2,0],"19":[0,0],"20":[0,0],"21":[0,0],"22":[0,0],"23":[0,0],"24":[0,0],"25":[3,0],"26":[0,0],"27":[0,0],"28":[0,0],"29":[0,0],"30":[0,0],"31":[0,0],"32":[0,0],"33":[0,0],"34":[0,0],"35":[0,0],"36":[0,0],"37":[0,0],"38":[0,0],"39":[0,0],"40":[0,0],"41":[0,0],"42":[0,0],"43":[0,0],"44":[0,0],"45":[0,0],"46":[0,0]},"_coverageSchema":"1a1c01bbd47fc00a2c39e90264f33305004495a9","hash":"6ea4a702996bd01a26db98d20ec5010e55fda9ca"}
,"C:\\Users\\roman\\OneDrive\\Education\\Olympic_College\\Spring_2026\\CS_233\\Times_Tracker\\Times_Tracker1\\backend\\utils\\time.js": {"path":"C:\\Users\\roman\\OneDrive\\Education\\Olympic_College\\Spring_2026\\CS_233\\Times_Tracker\\Times_Tracker1\\backend\\utils\\time.js","statementMap":{"0":{"start":{"line":4,"column":12},"end":{"line":4,"column":27}},"1":{"start":{"line":5,"column":2},"end":{"line":5,"column":45}},"2":{"start":{"line":5,"column":33},"end":{"line":5,"column":45}},"3":{"start":{"line":6,"column":2},"end":{"line":6,"column":56}},"4":{"start":{"line":9,"column":0},"end":{"line":9,"column":36}}},"fnMap":{"0":{"name":"formatForMySQL","decl":{"start":{"line":3,"column":9},"end":{"line":3,"column":23}},"loc":{"start":{"line":3,"column":31},"end":{"line":7,"column":1}},"line":3}},"branchMap":{"0":{"loc":{"start":{"line":5,"column":2},"end":{"line":5,"column":45}},"type":"if","locations":[{"start":{"line":5,"column":2},"end":{"line":5,"column":45}},{"start":{},"end":{}}],"line":5}},"s":{"0":5,"1":5,"2":3,"3":2,"4":3},"f":{"0":5},"b":{"0":[3,2]},"_coverageSchema":"1a1c01bbd47fc00a2c39e90264f33305004495a9","hash":"2d7b064ce7122dbb310691760486dc60dbd35446"}
}
