TN:
SF:models.js
FNF:0
FNH:0
DA:1,3
DA:4,3
DA:9,3
DA:15,3
DA:20,3
DA:28,3
LF:6
LH:6
BRF:0
BRH:0
end_of_record
TN:
SF:server.js
FN:35,(anonymous_0)
FN:39,(anonymous_1)
FN:58,(anonymous_2)
FN:70,(anonymous_3)
FN:82,(anonymous_4)
FN:113,(anonymous_5)
FN:116,(anonymous_6)
FN:124,(anonymous_7)
FN:156,(anonymous_8)
FN:157,(anonymous_9)
FN:186,(anonymous_10)
FN:187,(anonymous_11)
FN:193,(anonymous_12)
FN:194,(anonymous_13)
FN:205,(anonymous_14)
FN:208,(anonymous_15)
FN:213,(anonymous_16)
FN:253,(anonymous_17)
FN:268,(anonymous_18)
FN:274,(anonymous_19)
FN:283,(anonymous_20)
FN:302,(anonymous_21)
FN:311,(anonymous_22)
FN:321,(anonymous_23)
FN:329,(anonymous_24)
FN:339,(anonymous_25)
FN:375,(anonymous_26)
FN:376,(anonymous_27)
FN:383,(anonymous_28)
FN:391,(anonymous_29)
FN:398,(anonymous_30)
FN:402,(anonymous_31)
FN:411,(anonymous_32)
FN:419,(anonymous_33)
FN:428,(anonymous_34)
FN:432,(anonymous_35)
FN:436,(anonymous_36)
FN:446,(anonymous_37)
FN:457,(anonymous_38)
FN:463,(anonymous_39)
FN:487,(anonymous_40)
FN:496,(anonymous_41)
FN:511,(anonymous_42)
FNF:43
FNH:3
FNDA:0,(anonymous_0)
FNDA:0,(anonymous_1)
FNDA:0,(anonymous_2)
FNDA:0,(anonymous_3)
FNDA:0,(anonymous_4)
FNDA:0,(anonymous_5)
FNDA:0,(anonymous_6)
FNDA:0,(anonymous_7)
FNDA:0,(anonymous_8)
FNDA:0,(anonymous_9)
FNDA:0,(anonymous_10)
FNDA:0,(anonymous_11)
FNDA:0,(anonymous_12)
FNDA:0,(anonymous_13)
FNDA:0,(anonymous_14)
FNDA:0,(anonymous_15)
FNDA:0,(anonymous_16)
FNDA:0,(anonymous_17)
FNDA:0,(anonymous_18)
FNDA:0,(anonymous_19)
FNDA:2,(anonymous_20)
FNDA:0,(anonymous_21)
FNDA:0,(anonymous_22)
FNDA:0,(anonymous_23)
FNDA:3,(anonymous_24)
FNDA:0,(anonymous_25)
FNDA:0,(anonymous_26)
FNDA:0,(anonymous_27)
FNDA:0,(anonymous_28)
FNDA:0,(anonymous_29)
FNDA:0,(anonymous_30)
FNDA:0,(anonymous_31)
FNDA:0,(anonymous_32)
FNDA:0,(anonymous_33)
FNDA:1,(anonymous_34)
FNDA:0,(anonymous_35)
FNDA:0,(anonymous_36)
FNDA:0,(anonymous_37)
FNDA:0,(anonymous_38)
FNDA:0,(anonymous_39)
FNDA:0,(anonymous_40)
FNDA:0,(anonymous_41)
FNDA:0,(anonymous_42)
DA:1,2
DA:2,2
DA:3,2
DA:4,2
DA:5,2
DA:6,2
DA:7,2
DA:8,2
DA:9,2
DA:10,2
DA:11,2
DA:12,2
DA:13,2
DA:14,2
DA:21,2
DA:23,2
DA:24,2
DA:25,2
DA:33,2
DA:35,2
DA:36,0
DA:39,0
DA:40,0
DA:42,0
DA:48,0
DA:55,0
DA:58,0
DA:59,0
DA:61,0
DA:70,0
DA:71,0
DA:73,0
DA:74,0
DA:75,0
DA:79,0
DA:82,0
DA:83,0
DA:86,0
DA:89,0
DA:93,2
DA:99,2
DA:100,2
DA:103,2
DA:104,2
DA:105,0
DA:109,2
DA:112,2
DA:114,0
DA:117,0
DA:118,0
DA:119,0
DA:124,2
DA:125,0
DA:133,0
DA:134,0
DA:138,0
DA:139,0
DA:141,0
DA:149,2
DA:156,2
DA:157,0
DA:158,0
DA:159,0
DA:160,0
DA:164,0
DA:167,0
DA:168,0
DA:171,0
DA:172,0
DA:175,0
DA:186,2
DA:187,0
DA:188,0
DA:189,0
DA:192,0
DA:193,0
DA:194,0
DA:200,0
DA:205,2
DA:206,0
DA:208,0
DA:209,0
DA:210,0
DA:213,0
DA:214,0
DA:215,0
DA:218,0
DA:224,2
DA:229,2
DA:232,2
DA:237,2
DA:238,2
DA:242,2
DA:249,2
DA:252,2
DA:253,0
DA:254,0
DA:255,0
DA:256,0
DA:258,0
DA:259,0
DA:261,0
DA:268,0
DA:269,0
DA:270,0
DA:273,0
DA:274,0
DA:275,0
DA:283,2
DA:284,2
DA:285,2
DA:287,0
DA:291,0
DA:293,0
DA:294,0
DA:295,0
DA:297,0
DA:302,2
DA:303,0
DA:304,0
DA:306,0
DA:311,2
DA:312,0
DA:313,0
DA:315,0
DA:316,0
DA:318,0
DA:322,0
DA:323,0
DA:329,2
DA:330,3
DA:331,3
DA:333,0
DA:334,0
DA:336,0
DA:340,0
DA:341,0
DA:342,0
DA:345,0
DA:346,0
DA:347,0
DA:350,0
DA:351,0
DA:352,0
DA:353,0
DA:356,0
DA:362,0
DA:364,0
DA:365,0
DA:375,2
DA:376,0
DA:377,0
DA:378,0
DA:383,2
DA:384,0
DA:385,0
DA:387,0
DA:388,0
DA:392,0
DA:393,0
DA:398,2
DA:399,0
DA:403,0
DA:404,0
DA:406,0
DA:411,2
DA:412,0
DA:413,0
DA:415,0
DA:416,0
DA:420,0
DA:421,0
DA:422,0
DA:428,2
DA:429,1
DA:432,2
DA:433,0
DA:437,0
DA:438,0
DA:443,0
DA:447,0
DA:448,0
DA:449,0
DA:457,2
DA:458,0
DA:459,0
DA:461,0
DA:463,0
DA:464,0
DA:465,0
DA:466,0
DA:469,0
DA:470,0
DA:472,0
DA:473,0
DA:476,0
DA:488,0
DA:489,0
DA:491,0
DA:496,2
DA:497,0
DA:499,0
DA:500,0
DA:502,0
DA:503,0
DA:504,0
DA:506,0
DA:507,0
DA:508,0
DA:511,0
DA:512,0
DA:513,0
DA:514,0
DA:519,2
LF:214
LH:58
BRDA:40,0,0,0
BRDA:40,0,1,0
BRDA:44,1,0,0
BRDA:44,1,1,0
BRDA:71,2,0,0
BRDA:71,2,1,0
BRDA:74,3,0,0
BRDA:74,3,1,0
BRDA:104,4,0,0
BRDA:104,4,1,2
BRDA:138,5,0,0
BRDA:138,5,1,0
BRDA:138,6,0,0
BRDA:138,6,1,0
BRDA:158,7,0,0
BRDA:158,7,1,0
BRDA:159,8,0,0
BRDA:159,8,1,0
BRDA:167,9,0,0
BRDA:167,9,1,0
BRDA:171,10,0,0
BRDA:171,10,1,0
BRDA:188,11,0,0
BRDA:188,11,1,0
BRDA:209,12,0,0
BRDA:209,12,1,0
BRDA:214,13,0,0
BRDA:214,13,1,0
BRDA:252,14,0,0
BRDA:252,14,1,2
BRDA:254,15,0,0
BRDA:254,15,1,0
BRDA:269,16,0,0
BRDA:269,16,1,0
BRDA:273,17,0,0
BRDA:273,17,1,0
BRDA:285,18,0,2
BRDA:285,18,1,0
BRDA:287,19,0,0
BRDA:287,19,1,0
BRDA:291,20,0,0
BRDA:291,20,1,0
BRDA:303,21,0,0
BRDA:303,21,1,0
BRDA:303,22,0,0
BRDA:303,22,1,0
BRDA:313,23,0,0
BRDA:313,23,1,0
BRDA:322,24,0,0
BRDA:322,24,1,0
BRDA:331,25,0,3
BRDA:331,25,1,0
BRDA:340,26,0,0
BRDA:340,26,1,0
BRDA:345,27,0,0
BRDA:345,27,1,0
BRDA:351,28,0,0
BRDA:351,28,1,0
BRDA:362,29,0,0
BRDA:362,29,1,0
BRDA:377,30,0,0
BRDA:377,30,1,0
BRDA:385,31,0,0
BRDA:385,31,1,0
BRDA:392,32,0,0
BRDA:392,32,1,0
BRDA:403,33,0,0
BRDA:403,33,1,0
BRDA:413,34,0,0
BRDA:413,34,1,0
BRDA:420,35,0,0
BRDA:420,35,1,0
BRDA:437,36,0,0
BRDA:437,36,1,0
BRDA:447,37,0,0
BRDA:447,37,1,0
BRDA:459,38,0,0
BRDA:459,38,1,0
BRDA:465,39,0,0
BRDA:465,39,1,0
BRDA:472,40,0,0
BRDA:472,40,1,0
BRDA:472,41,0,0
BRDA:472,41,1,0
BRDA:485,42,0,0
BRDA:485,42,1,0
BRDA:488,43,0,0
BRDA:488,43,1,0
BRDA:502,44,0,0
BRDA:502,44,1,0
BRDA:506,45,0,0
BRDA:506,45,1,0
BRDA:512,46,0,0
BRDA:512,46,1,0
BRF:94
BRH:4
end_of_record
TN:
SF:utils\time.js
FN:3,formatForMySQL
FNF:1
FNH:1
FNDA:5,formatForMySQL
DA:4,5
DA:5,5
DA:6,2
DA:9,3
LF:4
LH:4
BRDA:5,0,0,3
BRDA:5,0,1,2
BRF:2
BRH:2
end_of_record
